2025-11-06 13:17:42 [error]: Error: missing response for request (value=[ { "error": { "code": -32005, "message": "method eth_getLogs in batch triggered rate limit" }, "id": null, "jsonrpc": "2.0" } ], info={ "payload": { "id": 4, "jsonrpc": "2.0", "method": "eth_getLogs", "params": [ { "address": "0x273c8dde70897069bec84394e235fef17e7c5e1b", "fromBlock": "0x0", "toBlock": "0x4422e00", "topics": [ "0x1ea36c45a9820289f7809111d6cca6a65e76da18d999731dde21a7d1486cc459" ] } ] } }, code=BAD_DATA, version=6.15.0)
    at makeError (C:\Users\DELL\Desktop\OracleX\node_modules\ethers\src.ts\utils\errors.ts:698:21)
    at <anonymous> (C:\Users\DELL\Desktop\OracleX\node_modules\ethers\src.ts\providers\provider-jsonrpc.ts:561:56)
    at process.processTicksAndRejections (node:internal/process/task_queues:105:5)
2025-11-06 13:23:11 [error]: Error: missing response for request (value=[ { "error": { "code": -32005, "message": "method eth_getLogs in batch triggered rate limit" }, "id": null, "jsonrpc": "2.0" } ], info={ "payload": { "id": 4, "jsonrpc": "2.0", "method": "eth_getLogs", "params": [ { "address": "0x273c8dde70897069bec84394e235fef17e7c5e1b", "fromBlock": "0x0", "toBlock": "0x4422fb8", "topics": [ "0x1ea36c45a9820289f7809111d6cca6a65e76da18d999731dde21a7d1486cc459" ] } ] } }, code=BAD_DATA, version=6.15.0)
    at makeError (C:\Users\DELL\Desktop\OracleX\node_modules\ethers\src.ts\utils\errors.ts:698:21)
    at <anonymous> (C:\Users\DELL\Desktop\OracleX\node_modules\ethers\src.ts\providers\provider-jsonrpc.ts:561:56)
    at process.processTicksAndRejections (node:internal/process/task_queues:105:5)
2025-11-06 13:37:41 [error]: Error: server response 403 Forbidden (request={  }, response={  }, error=null, info={ "requestUrl": "https://bsc-testnet.public.blastapi.io", "responseBody": "{\n  \"jsonrpc\": \"2.0\",\n  \"id\": null,\n  \"error\": {\n    \"code\": -32000,\n    \"message\": \"Blast API is no longer available. Please update your integration to use Alchemy's API instead: https://alchemy.com\"\n  }\n}\n", "responseStatus": "403 Forbidden" }, code=SERVER_ERROR, version=6.15.0)
    at makeError (C:\Users\DELL\Desktop\OracleX\node_modules\ethers\src.ts\utils\errors.ts:698:21)
    at assert (C:\Users\DELL\Desktop\OracleX\node_modules\ethers\src.ts\utils\errors.ts:719:25)
    at FetchResponse.assertOk (C:\Users\DELL\Desktop\OracleX\node_modules\ethers\src.ts\utils\fetch.ts:950:15)
    at JsonRpcProvider._send (C:\Users\DELL\Desktop\OracleX\node_modules\ethers\src.ts\providers\provider-jsonrpc.ts:1272:18)
    at process.processTicksAndRejections (node:internal/process/task_queues:105:5)
    at async <anonymous> (C:\Users\DELL\Desktop\OracleX\node_modules\ethers\src.ts\providers\provider-jsonrpc.ts:545:40)
2025-11-09 10:40:00 [error]: ReferenceError: blockchainSyncService is not defined
    at Server.<anonymous> (C:\Users\DELL\Desktop\OracleX\backend\src\index.ts:95:7)
    at Object.onceWrapper (node:events:633:28)
    at Server.emit (node:events:531:35)
    at emitListeningNT (node:net:1951:10)
    at process.processTicksAndRejections (node:internal/process/task_queues:89:21)
2025-11-09 10:40:12 [error]: Error: Transform failed with 1 error:
C:\Users\DELL\Desktop\OracleX\backend\src\services\blockchainSync.ts:491:9: ERROR: Multiple exports with the same name "BlockchainSyncService"
    at failureErrorWithLog (C:\Users\DELL\Desktop\OracleX\node_modules\esbuild\lib\main.js:1467:15)
    at C:\Users\DELL\Desktop\OracleX\node_modules\esbuild\lib\main.js:736:50
    at responseCallbacks.<computed> (C:\Users\DELL\Desktop\OracleX\node_modules\esbuild\lib\main.js:603:9)
    at handleIncomingPacket (C:\Users\DELL\Desktop\OracleX\node_modules\esbuild\lib\main.js:658:12)
    at Socket.readFromStdout (C:\Users\DELL\Desktop\OracleX\node_modules\esbuild\lib\main.js:581:7)
    at Socket.emit (node:events:519:28)
    at addChunk (node:internal/streams/readable:561:12)
    at readableAddChunkPushByteMode (node:internal/streams/readable:512:3)
    at Readable.push (node:internal/streams/readable:392:5)
    at Pipe.onStreamRead (node:internal/stream_base_commons:189:23)
2025-11-09 10:40:20 [error]: Error: Transform failed with 1 error:
C:\Users\DELL\Desktop\OracleX\backend\src\services\blockchainSync.ts:491:9: ERROR: Multiple exports with the same name "BlockchainSyncService"
    at failureErrorWithLog (C:\Users\DELL\Desktop\OracleX\node_modules\esbuild\lib\main.js:1467:15)
    at C:\Users\DELL\Desktop\OracleX\node_modules\esbuild\lib\main.js:736:50
    at responseCallbacks.<computed> (C:\Users\DELL\Desktop\OracleX\node_modules\esbuild\lib\main.js:603:9)
    at handleIncomingPacket (C:\Users\DELL\Desktop\OracleX\node_modules\esbuild\lib\main.js:658:12)
    at Socket.readFromStdout (C:\Users\DELL\Desktop\OracleX\node_modules\esbuild\lib\main.js:581:7)
    at Socket.emit (node:events:519:28)
    at addChunk (node:internal/streams/readable:561:12)
    at readableAddChunkPushByteMode (node:internal/streams/readable:512:3)
    at Readable.push (node:internal/streams/readable:392:5)
    at Pipe.onStreamRead (node:internal/stream_base_commons:189:23)
2025-11-09 10:41:26 [error]: Error: Transform failed with 1 error:
C:\Users\DELL\Desktop\OracleX\backend\src\services\blockchainSync.ts:491:9: ERROR: Multiple exports with the same name "BlockchainSyncService"
    at failureErrorWithLog (C:\Users\DELL\Desktop\OracleX\node_modules\esbuild\lib\main.js:1467:15)
    at C:\Users\DELL\Desktop\OracleX\node_modules\esbuild\lib\main.js:736:50
    at responseCallbacks.<computed> (C:\Users\DELL\Desktop\OracleX\node_modules\esbuild\lib\main.js:603:9)
    at handleIncomingPacket (C:\Users\DELL\Desktop\OracleX\node_modules\esbuild\lib\main.js:658:12)
    at Socket.readFromStdout (C:\Users\DELL\Desktop\OracleX\node_modules\esbuild\lib\main.js:581:7)
    at Socket.emit (node:events:519:28)
    at addChunk (node:internal/streams/readable:561:12)
    at readableAddChunkPushByteMode (node:internal/streams/readable:512:3)
    at Readable.push (node:internal/streams/readable:392:5)
    at Pipe.onStreamRead (node:internal/stream_base_commons:189:23)
